<?xml version="1.0" encoding="UTF-8"?>
<testng-results ignored="0" total="1" passed="1" failed="0" skipped="0">
  <reporter-output>
    <line>
      <![CDATA[****DBconnection succssefull]]>
    </line>
    <line>
      <![CDATA[****DBconnection close]]>
    </line>
  </reporter-output>
  <suite started-at="2022-09-29T17:26:44 IST" name="Default suite" finished-at="2022-09-29T17:26:46 IST" duration-ms="1153">
    <groups>
    </groups>
    <test started-at="2022-09-29T17:26:44 IST" name="Default test" finished-at="2022-09-29T17:26:46 IST" duration-ms="1153">
      <class name="EndToEndScenarios.GetSingleProject">
        <test-method is-config="true" signature="bsconfig()[pri:0, instance:EndToEndScenarios.GetSingleProject@793be5ca]" started-at="2022-09-29T17:26:44 IST" name="bsconfig" finished-at="2022-09-29T17:26:44 IST" duration-ms="674" status="PASS">
          <reporter-output>
            <line>
              <![CDATA[****DBconnection succssefull]]>
            </line>
          </reporter-output>
        </test-method> <!-- bsconfig -->
        <test-method signature="getsinglepro()[pri:0, instance:EndToEndScenarios.GetSingleProject@793be5ca]" started-at="2022-09-29T17:26:44 IST" name="getsinglepro" finished-at="2022-09-29T17:26:46 IST" duration-ms="1120" status="PASS">
          <reporter-output>
          </reporter-output>
        </test-method> <!-- getsinglepro -->
        <test-method is-config="true" signature="ASconfig()[pri:0, instance:EndToEndScenarios.GetSingleProject@793be5ca]" started-at="2022-09-29T17:26:46 IST" name="ASconfig" finished-at="2022-09-29T17:26:46 IST" duration-ms="5" status="PASS">
          <reporter-output>
            <line>
              <![CDATA[****DBconnection close]]>
            </line>
          </reporter-output>
        </test-method> <!-- ASconfig -->
      </class> <!-- EndToEndScenarios.GetSingleProject -->
    </test> <!-- Default test -->
  </suite> <!-- Default suite -->
</testng-results>
